2017-05-25 23:43:53,052 INFO org.springframework.context.support.ClassPathXmlApplicationContext: Refreshing org.springframework.context.support.ClassPathXmlApplicationContext@7c091834: startup date [Thu May 25 23:43:53 PDT 2017]; root of context hierarchy
2017-05-25 23:43:53,098 INFO org.springframework.beans.factory.xml.XmlBeanDefinitionReader: Loading XML bean definitions from class path resource [applicationContext.xml]
2017-05-25 23:43:54,497 INFO org.hibernate.Version: HHH000412: Hibernate Core {5.1.0.Final}
2017-05-25 23:43:54,562 INFO org.hibernate.cfg.Environment: HHH000206: hibernate.properties not found
2017-05-25 23:43:54,607 INFO org.hibernate.cfg.Environment: HHH000021: Bytecode provider name : javassist
2017-05-25 23:43:55,066 INFO org.hibernate.annotations.common.Version: HCANN000001: Hibernate Commons Annotations {5.0.1.Final}
2017-05-25 23:43:55,324 WARN org.hibernate.engine.jdbc.env.internal.JdbcEnvironmentInitiator: HHH000342: Could not obtain connection to query metadata : Cannot load JDBC driver class 'com.microsoft.sqlserver.jdbc.SQLServerDriver'
2017-05-25 23:43:55,382 INFO org.hibernate.dialect.Dialect: HHH000400: Using dialect: org.hibernate.dialect.SQLServerDialect
2017-05-25 23:43:55,464 INFO org.hibernate.engine.jdbc.env.internal.LobCreatorBuilderImpl: HHH000422: Disabling contextual LOB creation as connection was null
2017-05-25 23:43:56,413 INFO org.hibernate.validator.internal.util.Version: HV000001: Hibernate Validator 5.1.3.Final
2017-05-25 23:43:58,479 INFO org.quartz.impl.StdSchedulerFactory: Using default implementation for ThreadExecutor
2017-05-25 23:43:58,589 INFO org.quartz.core.SchedulerSignalerImpl: Initialized Scheduler Signaller of type: class org.quartz.core.SchedulerSignalerImpl
2017-05-25 23:43:58,589 INFO org.quartz.core.QuartzScheduler: Quartz Scheduler v.2.2.3 created.
2017-05-25 23:43:58,590 INFO org.quartz.simpl.RAMJobStore: RAMJobStore initialized.
2017-05-25 23:43:58,590 INFO org.quartz.core.QuartzScheduler: Scheduler meta-data: Quartz Scheduler (v2.2.3) 'startQuertz' with instanceId 'NON_CLUSTERED'
  Scheduler class: 'org.quartz.core.QuartzScheduler' - running locally.
  NOT STARTED.
  Currently in standby mode.
  Number of jobs executed: 0
  Using thread pool 'org.quartz.simpl.SimpleThreadPool' - with 10 threads.
  Using job-store 'org.quartz.simpl.RAMJobStore' - which does not support persistence. and is not clustered.

2017-05-25 23:43:58,591 INFO org.quartz.impl.StdSchedulerFactory: Quartz scheduler 'startQuertz' initialized from an externally provided properties instance.
2017-05-25 23:43:58,591 INFO org.quartz.impl.StdSchedulerFactory: Quartz scheduler version: 2.2.3
2017-05-25 23:43:58,592 INFO org.quartz.core.QuartzScheduler: JobFactory set to: org.springframework.scheduling.quartz.AdaptableJobFactory@fae39ff
2017-05-25 23:43:58,647 INFO org.springframework.context.support.DefaultLifecycleProcessor: Starting beans in phase 2147483647
2017-05-25 23:43:58,651 INFO org.springframework.scheduling.quartz.SchedulerFactoryBean: Starting Quartz Scheduler now
2017-05-25 23:43:58,655 INFO org.quartz.core.QuartzScheduler: Scheduler startQuertz_$_NON_CLUSTERED started.
2017-05-25 23:43:58,921 INFO org.springframework.web.context.ContextLoader: Root WebApplicationContext: initialization started
2017-05-25 23:43:58,972 INFO org.springframework.web.context.support.AnnotationConfigWebApplicationContext: Refreshing Root WebApplicationContext: startup date [Thu May 25 23:43:58 PDT 2017]; root of context hierarchy
2017-05-25 23:43:59,041 INFO org.springframework.web.context.support.AnnotationConfigWebApplicationContext: Registering annotated classes: [class priv.cai.jobapply.springmvc.config.ApplicationContextConfig]
2017-05-25 23:44:00,636 INFO org.springframework.beans.factory.annotation.AutowiredAnnotationBeanPostProcessor: JSR-330 'javax.inject.Inject' annotation found and supported for autowiring
2017-05-25 23:44:01,056 WARN org.springframework.web.context.support.AnnotationConfigWebApplicationContext: Exception encountered during context initialization - cancelling refresh attempt: org.springframework.beans.factory.UnsatisfiedDependencyException: Error creating bean with name 'callableController': Unsatisfied dependency expressed through field 'positionsService'; nested exception is org.springframework.beans.factory.UnsatisfiedDependencyException: Error creating bean with name 'positionsService': Unsatisfied dependency expressed through field 'dao'; nested exception is org.springframework.beans.factory.UnsatisfiedDependencyException: Error creating bean with name 'positionsDao': Unsatisfied dependency expressed through field 'sessionFactory'; nested exception is org.springframework.beans.factory.BeanCreationException: Error creating bean with name 'sessionFactory' defined in class path resource [priv/cai/jobapply/springmvc/config/HibernateConfiguration.class]: Bean instantiation via factory method failed; nested exception is org.springframework.beans.BeanInstantiationException: Failed to instantiate [org.springframework.orm.hibernate5.LocalSessionFactoryBean]: Factory method 'sessionFactory' threw exception; nested exception is org.springframework.beans.factory.BeanCreationException: Error creating bean with name 'dataSource' defined in class path resource [priv/cai/jobapply/springmvc/config/HibernateConfiguration.class]: Bean instantiation via factory method failed; nested exception is org.springframework.beans.BeanInstantiationException: Failed to instantiate [javax.sql.DataSource]: Factory method 'dataSource' threw exception; nested exception is java.lang.UnsupportedClassVersionError: com/microsoft/sqlserver/jdbc/SQLServerDriver : Unsupported major.minor version 52.0 (unable to load class com.microsoft.sqlserver.jdbc.SQLServerDriver)
2017-05-25 23:44:01,065 ERROR org.springframework.web.context.ContextLoader: Context initialization failed
org.springframework.beans.factory.UnsatisfiedDependencyException: Error creating bean with name 'callableController': Unsatisfied dependency expressed through field 'positionsService'; nested exception is org.springframework.beans.factory.UnsatisfiedDependencyException: Error creating bean with name 'positionsService': Unsatisfied dependency expressed through field 'dao'; nested exception is org.springframework.beans.factory.UnsatisfiedDependencyException: Error creating bean with name 'positionsDao': Unsatisfied dependency expressed through field 'sessionFactory'; nested exception is org.springframework.beans.factory.BeanCreationException: Error creating bean with name 'sessionFactory' defined in class path resource [priv/cai/jobapply/springmvc/config/HibernateConfiguration.class]: Bean instantiation via factory method failed; nested exception is org.springframework.beans.BeanInstantiationException: Failed to instantiate [org.springframework.orm.hibernate5.LocalSessionFactoryBean]: Factory method 'sessionFactory' threw exception; nested exception is org.springframework.beans.factory.BeanCreationException: Error creating bean with name 'dataSource' defined in class path resource [priv/cai/jobapply/springmvc/config/HibernateConfiguration.class]: Bean instantiation via factory method failed; nested exception is org.springframework.beans.BeanInstantiationException: Failed to instantiate [javax.sql.DataSource]: Factory method 'dataSource' threw exception; nested exception is java.lang.UnsupportedClassVersionError: com/microsoft/sqlserver/jdbc/SQLServerDriver : Unsupported major.minor version 52.0 (unable to load class com.microsoft.sqlserver.jdbc.SQLServerDriver)
	at org.springframework.beans.factory.annotation.AutowiredAnnotationBeanPostProcessor$AutowiredFieldElement.inject(AutowiredAnnotationBeanPostProcessor.java:569)
	at org.springframework.beans.factory.annotation.InjectionMetadata.inject(InjectionMetadata.java:88)
	at org.springframework.beans.factory.annotation.AutowiredAnnotationBeanPostProcessor.postProcessPropertyValues(AutowiredAnnotationBeanPostProcessor.java:349)
	at org.springframework.beans.factory.support.AbstractAutowireCapableBeanFactory.populateBean(AbstractAutowireCapableBeanFactory.java:1219)
	at org.springframework.beans.factory.support.AbstractAutowireCapableBeanFactory.doCreateBean(AbstractAutowireCapableBeanFactory.java:543)
	at org.springframework.beans.factory.support.AbstractAutowireCapableBeanFactory.createBean(AbstractAutowireCapableBeanFactory.java:482)
	at org.springframework.beans.factory.support.AbstractBeanFactory$1.getObject(AbstractBeanFactory.java:306)
	at org.springframework.beans.factory.support.DefaultSingletonBeanRegistry.getSingleton(DefaultSingletonBeanRegistry.java:230)
	at org.springframework.beans.factory.support.AbstractBeanFactory.doGetBean(AbstractBeanFactory.java:302)
	at org.springframework.beans.factory.support.AbstractBeanFactory.getBean(AbstractBeanFactory.java:197)
	at org.springframework.beans.factory.support.DefaultListableBeanFactory.preInstantiateSingletons(DefaultListableBeanFactory.java:751)
	at org.springframework.context.support.AbstractApplicationContext.finishBeanFactoryInitialization(AbstractApplicationContext.java:861)
	at org.springframework.context.support.AbstractApplicationContext.refresh(AbstractApplicationContext.java:541)
	at org.springframework.web.context.ContextLoader.configureAndRefreshWebApplicationContext(ContextLoader.java:444)
	at org.springframework.web.context.ContextLoader.initWebApplicationContext(ContextLoader.java:326)
	at org.springframework.web.context.ContextLoaderListener.contextInitialized(ContextLoaderListener.java:107)
	at org.apache.catalina.core.StandardContext.listenerStart(StandardContext.java:4937)
	at org.apache.catalina.core.StandardContext.startInternal(StandardContext.java:5434)
	at org.apache.catalina.util.LifecycleBase.start(LifecycleBase.java:150)
	at org.apache.catalina.core.ContainerBase$StartChild.call(ContainerBase.java:1559)
	at org.apache.catalina.core.ContainerBase$StartChild.call(ContainerBase.java:1549)
	at java.util.concurrent.FutureTask.run(FutureTask.java:262)
	at java.util.concurrent.ThreadPoolExecutor.runWorker(ThreadPoolExecutor.java:1145)
	at java.util.concurrent.ThreadPoolExecutor$Worker.run(ThreadPoolExecutor.java:615)
	at java.lang.Thread.run(Thread.java:745)
Caused by: org.springframework.beans.factory.UnsatisfiedDependencyException: Error creating bean with name 'positionsService': Unsatisfied dependency expressed through field 'dao'; nested exception is org.springframework.beans.factory.UnsatisfiedDependencyException: Error creating bean with name 'positionsDao': Unsatisfied dependency expressed through field 'sessionFactory'; nested exception is org.springframework.beans.factory.BeanCreationException: Error creating bean with name 'sessionFactory' defined in class path resource [priv/cai/jobapply/springmvc/config/HibernateConfiguration.class]: Bean instantiation via factory method failed; nested exception is org.springframework.beans.BeanInstantiationException: Failed to instantiate [org.springframework.orm.hibernate5.LocalSessionFactoryBean]: Factory method 'sessionFactory' threw exception; nested exception is org.springframework.beans.factory.BeanCreationException: Error creating bean with name 'dataSource' defined in class path resource [priv/cai/jobapply/springmvc/config/HibernateConfiguration.class]: Bean instantiation via factory method failed; nested exception is org.springframework.beans.BeanInstantiationException: Failed to instantiate [javax.sql.DataSource]: Factory method 'dataSource' threw exception; nested exception is java.lang.UnsupportedClassVersionError: com/microsoft/sqlserver/jdbc/SQLServerDriver : Unsupported major.minor version 52.0 (unable to load class com.microsoft.sqlserver.jdbc.SQLServerDriver)
	at org.springframework.beans.factory.annotation.AutowiredAnnotationBeanPostProcessor$AutowiredFieldElement.inject(AutowiredAnnotationBeanPostProcessor.java:569)
	at org.springframework.beans.factory.annotation.InjectionMetadata.inject(InjectionMetadata.java:88)
	at org.springframework.beans.factory.annotation.AutowiredAnnotationBeanPostProcessor.postProcessPropertyValues(AutowiredAnnotationBeanPostProcessor.java:349)
	at org.springframework.beans.factory.support.AbstractAutowireCapableBeanFactory.populateBean(AbstractAutowireCapableBeanFactory.java:1219)
	at org.springframework.beans.factory.support.AbstractAutowireCapableBeanFactory.doCreateBean(AbstractAutowireCapableBeanFactory.java:543)
	at org.springframework.beans.factory.support.AbstractAutowireCapableBeanFactory.createBean(AbstractAutowireCapableBeanFactory.java:482)
	at org.springframework.beans.factory.support.AbstractBeanFactory$1.getObject(AbstractBeanFactory.java:306)
	at org.springframework.beans.factory.support.DefaultSingletonBeanRegistry.getSingleton(DefaultSingletonBeanRegistry.java:230)
	at org.springframework.beans.factory.support.AbstractBeanFactory.doGetBean(AbstractBeanFactory.java:302)
	at org.springframework.beans.factory.support.AbstractBeanFactory.getBean(AbstractBeanFactory.java:202)
	at org.springframework.beans.factory.config.DependencyDescriptor.resolveCandidate(DependencyDescriptor.java:207)
	at org.springframework.beans.factory.support.DefaultListableBeanFactory.doResolveDependency(DefaultListableBeanFactory.java:1128)
	at org.springframework.beans.factory.support.DefaultListableBeanFactory.resolveDependency(DefaultListableBeanFactory.java:1056)
	at org.springframework.beans.factory.annotation.AutowiredAnnotationBeanPostProcessor$AutowiredFieldElement.inject(AutowiredAnnotationBeanPostProcessor.java:566)
	... 24 more
Caused by: org.springframework.beans.factory.UnsatisfiedDependencyException: Error creating bean with name 'positionsDao': Unsatisfied dependency expressed through field 'sessionFactory'; nested exception is org.springframework.beans.factory.BeanCreationException: Error creating bean with name 'sessionFactory' defined in class path resource [priv/cai/jobapply/springmvc/config/HibernateConfiguration.class]: Bean instantiation via factory method failed; nested exception is org.springframework.beans.BeanInstantiationException: Failed to instantiate [org.springframework.orm.hibernate5.LocalSessionFactoryBean]: Factory method 'sessionFactory' threw exception; nested exception is org.springframework.beans.factory.BeanCreationException: Error creating bean with name 'dataSource' defined in class path resource [priv/cai/jobapply/springmvc/config/HibernateConfiguration.class]: Bean instantiation via factory method failed; nested exception is org.springframework.beans.BeanInstantiationException: Failed to instantiate [javax.sql.DataSource]: Factory method 'dataSource' threw exception; nested exception is java.lang.UnsupportedClassVersionError: com/microsoft/sqlserver/jdbc/SQLServerDriver : Unsupported major.minor version 52.0 (unable to load class com.microsoft.sqlserver.jdbc.SQLServerDriver)
	at org.springframework.beans.factory.annotation.AutowiredAnnotationBeanPostProcessor$AutowiredFieldElement.inject(AutowiredAnnotationBeanPostProcessor.java:569)
	at org.springframework.beans.factory.annotation.InjectionMetadata.inject(InjectionMetadata.java:88)
	at org.springframework.beans.factory.annotation.AutowiredAnnotationBeanPostProcessor.postProcessPropertyValues(AutowiredAnnotationBeanPostProcessor.java:349)
	at org.springframework.beans.factory.support.AbstractAutowireCapableBeanFactory.populateBean(AbstractAutowireCapableBeanFactory.java:1219)
	at org.springframework.beans.factory.support.AbstractAutowireCapableBeanFactory.doCreateBean(AbstractAutowireCapableBeanFactory.java:543)
	at org.springframework.beans.factory.support.AbstractAutowireCapableBeanFactory.createBean(AbstractAutowireCapableBeanFactory.java:482)
	at org.springframework.beans.factory.support.AbstractBeanFactory$1.getObject(AbstractBeanFactory.java:306)
	at org.springframework.beans.factory.support.DefaultSingletonBeanRegistry.getSingleton(DefaultSingletonBeanRegistry.java:230)
	at org.springframework.beans.factory.support.AbstractBeanFactory.doGetBean(AbstractBeanFactory.java:302)
	at org.springframework.beans.factory.support.AbstractBeanFactory.getBean(AbstractBeanFactory.java:202)
	at org.springframework.beans.factory.config.DependencyDescriptor.resolveCandidate(DependencyDescriptor.java:207)
	at org.springframework.beans.factory.support.DefaultListableBeanFactory.doResolveDependency(DefaultListableBeanFactory.java:1128)
	at org.springframework.beans.factory.support.DefaultListableBeanFactory.resolveDependency(DefaultListableBeanFactory.java:1056)
	at org.springframework.beans.factory.annotation.AutowiredAnnotationBeanPostProcessor$AutowiredFieldElement.inject(AutowiredAnnotationBeanPostProcessor.java:566)
	... 37 more
Caused by: org.springframework.beans.factory.BeanCreationException: Error creating bean with name 'sessionFactory' defined in class path resource [priv/cai/jobapply/springmvc/config/HibernateConfiguration.class]: Bean instantiation via factory method failed; nested exception is org.springframework.beans.BeanInstantiationException: Failed to instantiate [org.springframework.orm.hibernate5.LocalSessionFactoryBean]: Factory method 'sessionFactory' threw exception; nested exception is org.springframework.beans.factory.BeanCreationException: Error creating bean with name 'dataSource' defined in class path resource [priv/cai/jobapply/springmvc/config/HibernateConfiguration.class]: Bean instantiation via factory method failed; nested exception is org.springframework.beans.BeanInstantiationException: Failed to instantiate [javax.sql.DataSource]: Factory method 'dataSource' threw exception; nested exception is java.lang.UnsupportedClassVersionError: com/microsoft/sqlserver/jdbc/SQLServerDriver : Unsupported major.minor version 52.0 (unable to load class com.microsoft.sqlserver.jdbc.SQLServerDriver)
	at org.springframework.beans.factory.support.ConstructorResolver.instantiateUsingFactoryMethod(ConstructorResolver.java:599)
	at org.springframework.beans.factory.support.AbstractAutowireCapableBeanFactory.instantiateUsingFactoryMethod(AbstractAutowireCapableBeanFactory.java:1128)
	at org.springframework.beans.factory.support.AbstractAutowireCapableBeanFactory.createBeanInstance(AbstractAutowireCapableBeanFactory.java:1023)
	at org.springframework.beans.factory.support.AbstractAutowireCapableBeanFactory.doCreateBean(AbstractAutowireCapableBeanFactory.java:510)
	at org.springframework.beans.factory.support.AbstractAutowireCapableBeanFactory.createBean(AbstractAutowireCapableBeanFactory.java:482)
	at org.springframework.beans.factory.support.AbstractBeanFactory$1.getObject(AbstractBeanFactory.java:306)
	at org.springframework.beans.factory.support.DefaultSingletonBeanRegistry.getSingleton(DefaultSingletonBeanRegistry.java:230)
	at org.springframework.beans.factory.support.AbstractBeanFactory.doGetBean(AbstractBeanFactory.java:302)
	at org.springframework.beans.factory.support.AbstractBeanFactory.getBean(AbstractBeanFactory.java:202)
	at org.springframework.beans.factory.config.DependencyDescriptor.resolveCandidate(DependencyDescriptor.java:207)
	at org.springframework.beans.factory.support.DefaultListableBeanFactory.doResolveDependency(DefaultListableBeanFactory.java:1128)
	at org.springframework.beans.factory.support.DefaultListableBeanFactory.resolveDependency(DefaultListableBeanFactory.java:1056)
	at org.springframework.beans.factory.annotation.AutowiredAnnotationBeanPostProcessor$AutowiredFieldElement.inject(AutowiredAnnotationBeanPostProcessor.java:566)
	... 50 more
Caused by: org.springframework.beans.BeanInstantiationException: Failed to instantiate [org.springframework.orm.hibernate5.LocalSessionFactoryBean]: Factory method 'sessionFactory' threw exception; nested exception is org.springframework.beans.factory.BeanCreationException: Error creating bean with name 'dataSource' defined in class path resource [priv/cai/jobapply/springmvc/config/HibernateConfiguration.class]: Bean instantiation via factory method failed; nested exception is org.springframework.beans.BeanInstantiationException: Failed to instantiate [javax.sql.DataSource]: Factory method 'dataSource' threw exception; nested exception is java.lang.UnsupportedClassVersionError: com/microsoft/sqlserver/jdbc/SQLServerDriver : Unsupported major.minor version 52.0 (unable to load class com.microsoft.sqlserver.jdbc.SQLServerDriver)
	at org.springframework.beans.factory.support.SimpleInstantiationStrategy.instantiate(SimpleInstantiationStrategy.java:189)
	at org.springframework.beans.factory.support.ConstructorResolver.instantiateUsingFactoryMethod(ConstructorResolver.java:588)
	... 62 more
Caused by: org.springframework.beans.factory.BeanCreationException: Error creating bean with name 'dataSource' defined in class path resource [priv/cai/jobapply/springmvc/config/HibernateConfiguration.class]: Bean instantiation via factory method failed; nested exception is org.springframework.beans.BeanInstantiationException: Failed to instantiate [javax.sql.DataSource]: Factory method 'dataSource' threw exception; nested exception is java.lang.UnsupportedClassVersionError: com/microsoft/sqlserver/jdbc/SQLServerDriver : Unsupported major.minor version 52.0 (unable to load class com.microsoft.sqlserver.jdbc.SQLServerDriver)
	at org.springframework.beans.factory.support.ConstructorResolver.instantiateUsingFactoryMethod(ConstructorResolver.java:599)
	at org.springframework.beans.factory.support.AbstractAutowireCapableBeanFactory.instantiateUsingFactoryMethod(AbstractAutowireCapableBeanFactory.java:1128)
	at org.springframework.beans.factory.support.AbstractAutowireCapableBeanFactory.createBeanInstance(AbstractAutowireCapableBeanFactory.java:1023)
	at org.springframework.beans.factory.support.AbstractAutowireCapableBeanFactory.doCreateBean(AbstractAutowireCapableBeanFactory.java:510)
	at org.springframework.beans.factory.support.AbstractAutowireCapableBeanFactory.createBean(AbstractAutowireCapableBeanFactory.java:482)
	at org.springframework.beans.factory.support.AbstractBeanFactory$1.getObject(AbstractBeanFactory.java:306)
	at org.springframework.beans.factory.support.DefaultSingletonBeanRegistry.getSingleton(DefaultSingletonBeanRegistry.java:230)
	at org.springframework.beans.factory.support.AbstractBeanFactory.doGetBean(AbstractBeanFactory.java:302)
	at org.springframework.beans.factory.support.AbstractBeanFactory.getBean(AbstractBeanFactory.java:197)
	at org.springframework.context.annotation.ConfigurationClassEnhancer$BeanMethodInterceptor.intercept(ConfigurationClassEnhancer.java:381)
	at priv.cai.jobapply.springmvc.config.HibernateConfiguration$$EnhancerBySpringCGLIB$$42d45140.dataSource(<generated>)
	at priv.cai.jobapply.springmvc.config.HibernateConfiguration.sessionFactory(HibernateConfiguration.java:31)
	at priv.cai.jobapply.springmvc.config.HibernateConfiguration$$EnhancerBySpringCGLIB$$42d45140.CGLIB$sessionFactory$1(<generated>)
	at priv.cai.jobapply.springmvc.config.HibernateConfiguration$$EnhancerBySpringCGLIB$$42d45140$$FastClassBySpringCGLIB$$37d3b80b.invoke(<generated>)
	at org.springframework.cglib.proxy.MethodProxy.invokeSuper(MethodProxy.java:228)
	at org.springframework.context.annotation.ConfigurationClassEnhancer$BeanMethodInterceptor.intercept(ConfigurationClassEnhancer.java:356)
	at priv.cai.jobapply.springmvc.config.HibernateConfiguration$$EnhancerBySpringCGLIB$$42d45140.sessionFactory(<generated>)
	at sun.reflect.NativeMethodAccessorImpl.invoke0(Native Method)
	at sun.reflect.NativeMethodAccessorImpl.invoke(NativeMethodAccessorImpl.java:57)
	at sun.reflect.DelegatingMethodAccessorImpl.invoke(DelegatingMethodAccessorImpl.java:43)
	at java.lang.reflect.Method.invoke(Method.java:606)
	at org.springframework.beans.factory.support.SimpleInstantiationStrategy.instantiate(SimpleInstantiationStrategy.java:162)
	... 63 more
Caused by: org.springframework.beans.BeanInstantiationException: Failed to instantiate [javax.sql.DataSource]: Factory method 'dataSource' threw exception; nested exception is java.lang.UnsupportedClassVersionError: com/microsoft/sqlserver/jdbc/SQLServerDriver : Unsupported major.minor version 52.0 (unable to load class com.microsoft.sqlserver.jdbc.SQLServerDriver)
	at org.springframework.beans.factory.support.SimpleInstantiationStrategy.instantiate(SimpleInstantiationStrategy.java:189)
	at org.springframework.beans.factory.support.ConstructorResolver.instantiateUsingFactoryMethod(ConstructorResolver.java:588)
	... 84 more
Caused by: java.lang.UnsupportedClassVersionError: com/microsoft/sqlserver/jdbc/SQLServerDriver : Unsupported major.minor version 52.0 (unable to load class com.microsoft.sqlserver.jdbc.SQLServerDriver)
	at org.apache.catalina.loader.WebappClassLoader.findClassInternal(WebappClassLoader.java:2922)
	at org.apache.catalina.loader.WebappClassLoader.findClass(WebappClassLoader.java:1174)
	at org.apache.catalina.loader.WebappClassLoader.loadClass(WebappClassLoader.java:1669)
	at org.apache.catalina.loader.WebappClassLoader.loadClass(WebappClassLoader.java:1547)
	at java.lang.Class.forName0(Native Method)
	at java.lang.Class.forName(Class.java:270)
	at org.springframework.jdbc.datasource.DriverManagerDataSource.setDriverClassName(DriverManagerDataSource.java:127)
	at priv.cai.jobapply.springmvc.config.HibernateConfiguration.dataSource(HibernateConfiguration.java:40)
	at priv.cai.jobapply.springmvc.config.HibernateConfiguration$$EnhancerBySpringCGLIB$$42d45140.CGLIB$dataSource$2(<generated>)
	at priv.cai.jobapply.springmvc.config.HibernateConfiguration$$EnhancerBySpringCGLIB$$42d45140$$FastClassBySpringCGLIB$$37d3b80b.invoke(<generated>)
	at org.springframework.cglib.proxy.MethodProxy.invokeSuper(MethodProxy.java:228)
	at org.springframework.context.annotation.ConfigurationClassEnhancer$BeanMethodInterceptor.intercept(ConfigurationClassEnhancer.java:356)
	at priv.cai.jobapply.springmvc.config.HibernateConfiguration$$EnhancerBySpringCGLIB$$42d45140.dataSource(<generated>)
	at sun.reflect.NativeMethodAccessorImpl.invoke0(Native Method)
	at sun.reflect.NativeMethodAccessorImpl.invoke(NativeMethodAccessorImpl.java:57)
	at sun.reflect.DelegatingMethodAccessorImpl.invoke(DelegatingMethodAccessorImpl.java:43)
	at java.lang.reflect.Method.invoke(Method.java:606)
	at org.springframework.beans.factory.support.SimpleInstantiationStrategy.instantiate(SimpleInstantiationStrategy.java:162)
	... 85 more
2017-05-25 23:44:04,611 ERROR org.quartz.core.JobRunShell: Job DEFAULT.doJob threw an unhandled Exception: 
java.lang.NoClassDefFoundError: priv/cai/jobapply/dataload/parser/ElementsParser
	at priv.cai.jobapply.quartz.TaskJob.getCrawlData(TaskJob.java:152)
	at priv.cai.jobapply.quartz.TaskJob.run(TaskJob.java:126)
	at priv.cai.jobapply.quartz.TaskJob.executeInternal(TaskJob.java:47)
	at org.springframework.scheduling.quartz.QuartzJobBean.execute(QuartzJobBean.java:75)
	at org.quartz.core.JobRunShell.run(JobRunShell.java:202)
	at org.quartz.simpl.SimpleThreadPool$WorkerThread.run(SimpleThreadPool.java:573)
Caused by: java.lang.ClassNotFoundException: priv.cai.jobapply.dataload.parser.ElementsParser
	at org.apache.catalina.loader.WebappClassLoader.loadClass(WebappClassLoader.java:1702)
	at org.apache.catalina.loader.WebappClassLoader.loadClass(WebappClassLoader.java:1547)
	... 6 more
2017-05-25 23:44:04,613 ERROR org.quartz.core.ErrorLogger: Job (DEFAULT.doJob threw an exception.
org.quartz.SchedulerException: Job threw an unhandled exception. [See nested exception: java.lang.NoClassDefFoundError: priv/cai/jobapply/dataload/parser/ElementsParser]
	at org.quartz.core.JobRunShell.run(JobRunShell.java:213)
	at org.quartz.simpl.SimpleThreadPool$WorkerThread.run(SimpleThreadPool.java:573)
Caused by: java.lang.NoClassDefFoundError: priv/cai/jobapply/dataload/parser/ElementsParser
	at priv.cai.jobapply.quartz.TaskJob.getCrawlData(TaskJob.java:152)
	at priv.cai.jobapply.quartz.TaskJob.run(TaskJob.java:126)
	at priv.cai.jobapply.quartz.TaskJob.executeInternal(TaskJob.java:47)
	at org.springframework.scheduling.quartz.QuartzJobBean.execute(QuartzJobBean.java:75)
	at org.quartz.core.JobRunShell.run(JobRunShell.java:202)
	... 1 more
Caused by: java.lang.ClassNotFoundException: priv.cai.jobapply.dataload.parser.ElementsParser
	at org.apache.catalina.loader.WebappClassLoader.loadClass(WebappClassLoader.java:1702)
	at org.apache.catalina.loader.WebappClassLoader.loadClass(WebappClassLoader.java:1547)
	... 6 more
2017-05-25 23:44:04,617 ERROR org.quartz.simpl.SimpleThreadPool: Error while executing the Runnable: 
java.lang.NoClassDefFoundError: org/quartz/PersistJobDataAfterExecution
	at org.quartz.impl.JobDetailImpl.isPersistJobDataAfterExecution(JobDetailImpl.java:380)
	at org.quartz.simpl.RAMJobStore.triggeredJobComplete(RAMJobStore.java:1565)
	at org.quartz.core.QuartzScheduler.notifyJobStoreJobComplete(QuartzScheduler.java:1804)
	at org.quartz.core.JobRunShell.run(JobRunShell.java:269)
	at org.quartz.simpl.SimpleThreadPool$WorkerThread.run(SimpleThreadPool.java:573)
Caused by: java.lang.ClassNotFoundException: org.quartz.PersistJobDataAfterExecution
	at org.apache.catalina.loader.WebappClassLoader.loadClass(WebappClassLoader.java:1702)
	at org.apache.catalina.loader.WebappClassLoader.loadClass(WebappClassLoader.java:1547)
	... 5 more
2017-05-25 23:44:30,843 ERROR org.quartz.core.JobRunShell: Job DEFAULT.doJob threw an unhandled Exception: 
java.lang.NoClassDefFoundError: priv/cai/jobapply/dataload/parser/ElementsParser
	at priv.cai.jobapply.quartz.TaskJob.getCrawlData(TaskJob.java:152)
	at priv.cai.jobapply.quartz.TaskJob.run(TaskJob.java:126)
	at priv.cai.jobapply.quartz.TaskJob.executeInternal(TaskJob.java:47)
	at org.springframework.scheduling.quartz.QuartzJobBean.execute(QuartzJobBean.java:75)
	at org.quartz.core.JobRunShell.run(JobRunShell.java:202)
	at org.quartz.simpl.SimpleThreadPool$WorkerThread.run(SimpleThreadPool.java:573)
2017-05-25 23:44:30,846 ERROR org.quartz.core.ErrorLogger: Job (DEFAULT.doJob threw an exception.
org.quartz.SchedulerException: Job threw an unhandled exception. [See nested exception: java.lang.NoClassDefFoundError: priv/cai/jobapply/dataload/parser/ElementsParser]
	at org.quartz.core.JobRunShell.run(JobRunShell.java:213)
	at org.quartz.simpl.SimpleThreadPool$WorkerThread.run(SimpleThreadPool.java:573)
Caused by: java.lang.NoClassDefFoundError: priv/cai/jobapply/dataload/parser/ElementsParser
	at priv.cai.jobapply.quartz.TaskJob.getCrawlData(TaskJob.java:152)
	at priv.cai.jobapply.quartz.TaskJob.run(TaskJob.java:126)
	at priv.cai.jobapply.quartz.TaskJob.executeInternal(TaskJob.java:47)
	at org.springframework.scheduling.quartz.QuartzJobBean.execute(QuartzJobBean.java:75)
	at org.quartz.core.JobRunShell.run(JobRunShell.java:202)
	... 1 more
2017-05-25 23:44:30,846 ERROR org.quartz.simpl.SimpleThreadPool: Error while executing the Runnable: 
java.lang.NoClassDefFoundError: org/quartz/PersistJobDataAfterExecution
	at org.quartz.impl.JobDetailImpl.isPersistJobDataAfterExecution(JobDetailImpl.java:380)
	at org.quartz.simpl.RAMJobStore.triggeredJobComplete(RAMJobStore.java:1565)
	at org.quartz.core.QuartzScheduler.notifyJobStoreJobComplete(QuartzScheduler.java:1804)
	at org.quartz.core.JobRunShell.run(JobRunShell.java:269)
	at org.quartz.simpl.SimpleThreadPool$WorkerThread.run(SimpleThreadPool.java:573)
